07:03:48.099 [restartedMain] INFO  l.n.NezukoApplication - [logStarting,50] - Starting NezukoApplication on lunaticf-Macbook with PID 2693 (/Users/lunaticf/Desktop/Java/nezuko/target/classes started by lunaticf in /Users/lunaticf/Desktop/Java/nezuko)
07:03:48.107 [restartedMain] INFO  l.n.NezukoApplication - [logStartupProfileInfo,651] - The following profiles are active: dev
07:03:51.685 [restartedMain] INFO  o.a.c.h.Http11NioProtocol - [log,173] - Initializing ProtocolHandler ["http-nio-80"]
07:03:51.698 [restartedMain] INFO  o.a.c.c.StandardService - [log,173] - Starting service [Tomcat]
07:03:51.698 [restartedMain] INFO  o.a.c.c.StandardEngine - [log,173] - Starting Servlet engine: [Apache Tomcat/9.0.22]
07:03:51.927 [restartedMain] INFO  o.a.c.c.C.[.[.[/] - [log,173] - Initializing Spring embedded WebApplicationContext
07:03:52.404 [restartedMain] INFO  c.a.d.s.b.a.DruidDataSourceAutoConfigure - [dataSource,56] - Init DruidDataSource
07:03:52.672 [restartedMain] INFO  c.a.d.p.DruidDataSource - [init,1003] - {dataSource-1} inited
07:03:52.973 [restartedMain] INFO  o.a.c.h.Http11NioProtocol - [log,173] - Starting ProtocolHandler ["http-nio-80"]
07:03:53.012 [restartedMain] INFO  l.n.NezukoApplication - [logStarted,59] - Started NezukoApplication in 5.75 seconds (JVM running for 7.073)
07:03:57.554 [http-nio-80-exec-1] INFO  o.a.c.c.C.[.[.[/] - [log,173] - Initializing Spring DispatcherServlet 'dispatcherServlet'
07:03:57.608 [http-nio-80-exec-1] INFO  l.n.c.HelloController - [hello,15] - hello
07:04:00.479 [http-nio-80-exec-2] INFO  l.n.c.HelloController - [json,22] - hello
07:05:05.067 [Thread-18] INFO  c.a.d.p.DruidDataSource - [close,1948] - {dataSource-1} closing ...
07:05:05.069 [Thread-18] INFO  c.a.d.p.DruidDataSource - [close,2020] - {dataSource-1} closed
07:05:06.496 [restartedMain] INFO  l.n.NezukoApplication - [logStarting,50] - Starting NezukoApplication on lunaticf-Macbook with PID 2693 (/Users/lunaticf/Desktop/Java/nezuko/target/classes started by lunaticf in /Users/lunaticf/Desktop/Java/nezuko)
07:05:06.496 [restartedMain] INFO  l.n.NezukoApplication - [logStartupProfileInfo,651] - The following profiles are active: dev
07:05:06.952 [restartedMain] INFO  o.a.c.h.Http11NioProtocol - [log,173] - Initializing ProtocolHandler ["http-nio-80"]
07:05:06.953 [restartedMain] INFO  o.a.c.c.StandardService - [log,173] - Starting service [Tomcat]
07:05:06.954 [restartedMain] INFO  o.a.c.c.StandardEngine - [log,173] - Starting Servlet engine: [Apache Tomcat/9.0.22]
07:05:06.972 [restartedMain] INFO  o.a.c.c.C.[.[.[/] - [log,173] - Initializing Spring embedded WebApplicationContext
07:05:07.133 [restartedMain] INFO  c.a.d.s.b.a.DruidDataSourceAutoConfigure - [dataSource,56] - Init DruidDataSource
07:05:07.158 [restartedMain] INFO  c.a.d.p.DruidDataSource - [init,1003] - {dataSource-2} inited
07:05:07.273 [restartedMain] INFO  o.a.c.h.Http11NioProtocol - [log,173] - Starting ProtocolHandler ["http-nio-80"]
07:05:07.276 [restartedMain] INFO  l.n.NezukoApplication - [logStarted,59] - Started NezukoApplication in 0.839 seconds (JVM running for 81.335)
07:05:10.559 [http-nio-80-exec-1] INFO  o.a.c.c.C.[.[.[/] - [log,173] - Initializing Spring DispatcherServlet 'dispatcherServlet'
07:09:19.114 [Thread-26] INFO  c.a.d.p.DruidDataSource - [close,1948] - {dataSource-2} closing ...
07:09:19.116 [Thread-26] INFO  c.a.d.p.DruidDataSource - [close,2020] - {dataSource-2} closed
07:09:20.580 [restartedMain] INFO  l.n.NezukoApplication - [logStarting,50] - Starting NezukoApplication on lunaticf-Macbook with PID 2693 (/Users/lunaticf/Desktop/Java/nezuko/target/classes started by lunaticf in /Users/lunaticf/Desktop/Java/nezuko)
07:09:20.580 [restartedMain] INFO  l.n.NezukoApplication - [logStartupProfileInfo,651] - The following profiles are active: dev
07:09:20.922 [restartedMain] INFO  o.a.c.h.Http11NioProtocol - [log,173] - Initializing ProtocolHandler ["http-nio-80"]
07:09:20.923 [restartedMain] INFO  o.a.c.c.StandardService - [log,173] - Starting service [Tomcat]
07:09:20.923 [restartedMain] INFO  o.a.c.c.StandardEngine - [log,173] - Starting Servlet engine: [Apache Tomcat/9.0.22]
07:09:20.934 [restartedMain] INFO  o.a.c.c.C.[.[.[/] - [log,173] - Initializing Spring embedded WebApplicationContext
07:09:21.131 [restartedMain] INFO  c.a.d.s.b.a.DruidDataSourceAutoConfigure - [dataSource,56] - Init DruidDataSource
07:09:21.198 [restartedMain] INFO  c.a.d.p.DruidDataSource - [init,1003] - {dataSource-3} inited
07:09:21.377 [restartedMain] INFO  o.a.c.h.Http11NioProtocol - [log,173] - Starting ProtocolHandler ["http-nio-80"]
07:09:21.389 [restartedMain] INFO  l.n.NezukoApplication - [logStarted,59] - Started NezukoApplication in 0.867 seconds (JVM running for 335.44)
07:09:37.676 [http-nio-80-exec-1] INFO  o.a.c.c.C.[.[.[/] - [log,173] - Initializing Spring DispatcherServlet 'dispatcherServlet'
07:09:37.691 [http-nio-80-exec-1] INFO  l.n.c.HelloController - [hello,16] - hello
07:10:54.309 [Thread-37] INFO  c.a.d.p.DruidDataSource - [close,1948] - {dataSource-3} closing ...
07:10:54.312 [Thread-37] INFO  c.a.d.p.DruidDataSource - [close,2020] - {dataSource-3} closed
07:11:00.079 [restartedMain] INFO  l.n.NezukoApplication - [logStarting,50] - Starting NezukoApplication on lunaticf-Macbook with PID 3066 (/Users/lunaticf/Desktop/Java/nezuko/target/classes started by lunaticf in /Users/lunaticf/Desktop/Java/nezuko)
07:11:00.082 [restartedMain] INFO  l.n.NezukoApplication - [logStartupProfileInfo,651] - The following profiles are active: dev
07:11:02.396 [restartedMain] INFO  o.a.c.h.Http11NioProtocol - [log,173] - Initializing ProtocolHandler ["http-nio-8080"]
07:11:02.431 [restartedMain] INFO  o.a.c.c.StandardService - [log,173] - Starting service [Tomcat]
07:11:02.432 [restartedMain] INFO  o.a.c.c.StandardEngine - [log,173] - Starting Servlet engine: [Apache Tomcat/9.0.22]
07:11:02.915 [restartedMain] INFO  o.a.c.c.C.[.[.[/] - [log,173] - Initializing Spring embedded WebApplicationContext
07:11:04.002 [restartedMain] INFO  c.a.d.s.b.a.DruidDataSourceAutoConfigure - [dataSource,56] - Init DruidDataSource
07:11:04.348 [restartedMain] INFO  c.a.d.p.DruidDataSource - [init,1003] - {dataSource-1} inited
07:11:05.119 [restartedMain] INFO  o.a.c.h.Http11NioProtocol - [log,173] - Starting ProtocolHandler ["http-nio-8080"]
07:11:05.195 [restartedMain] INFO  l.n.NezukoApplication - [logStarted,59] - Started NezukoApplication in 5.644 seconds (JVM running for 7.049)
07:11:24.346 [http-nio-8080-exec-1] INFO  o.a.c.c.C.[.[.[/] - [log,173] - Initializing Spring DispatcherServlet 'dispatcherServlet'
07:11:24.387 [http-nio-8080-exec-1] INFO  l.n.c.HelloController - [hello,16] - hello
07:14:59.212 [http-nio-8080-exec-5] INFO  l.n.c.HelloController - [hello,16] - hello
07:17:09.582 [Thread-17] INFO  c.a.d.p.DruidDataSource - [close,1948] - {dataSource-1} closing ...
07:17:09.588 [Thread-17] INFO  c.a.d.p.DruidDataSource - [close,2020] - {dataSource-1} closed
07:17:11.143 [restartedMain] INFO  l.n.NezukoApplication - [logStarting,50] - Starting NezukoApplication on lunaticf-Macbook with PID 3066 (/Users/lunaticf/Desktop/Java/nezuko/target/classes started by lunaticf in /Users/lunaticf/Desktop/Java/nezuko)
07:17:11.144 [restartedMain] INFO  l.n.NezukoApplication - [logStartupProfileInfo,651] - The following profiles are active: dev
07:17:11.872 [restartedMain] INFO  o.a.c.h.Http11NioProtocol - [log,173] - Initializing ProtocolHandler ["http-nio-8080"]
07:17:11.875 [restartedMain] INFO  o.a.c.c.StandardService - [log,173] - Starting service [Tomcat]
07:17:11.876 [restartedMain] INFO  o.a.c.c.StandardEngine - [log,173] - Starting Servlet engine: [Apache Tomcat/9.0.22]
07:17:11.895 [restartedMain] INFO  o.a.c.c.C.[.[.[/] - [log,173] - Initializing Spring embedded WebApplicationContext
07:17:12.534 [restartedMain] INFO  c.a.d.s.b.a.DruidDataSourceAutoConfigure - [dataSource,56] - Init DruidDataSource
07:17:12.578 [restartedMain] INFO  c.a.d.p.DruidDataSource - [init,1003] - {dataSource-2} inited
07:17:12.717 [restartedMain] INFO  o.a.c.h.Http11NioProtocol - [log,173] - Starting ProtocolHandler ["http-nio-8080"]
07:17:12.721 [restartedMain] INFO  l.n.NezukoApplication - [logStarted,59] - Started NezukoApplication in 1.662 seconds (JVM running for 374.567)
07:17:37.315 [Thread-26] INFO  c.a.d.p.DruidDataSource - [close,1948] - {dataSource-2} closing ...
07:17:37.317 [Thread-26] INFO  c.a.d.p.DruidDataSource - [close,2020] - {dataSource-2} closed
07:17:38.792 [restartedMain] INFO  l.n.NezukoApplication - [logStarting,50] - Starting NezukoApplication on lunaticf-Macbook with PID 3066 (/Users/lunaticf/Desktop/Java/nezuko/target/classes started by lunaticf in /Users/lunaticf/Desktop/Java/nezuko)
07:17:38.793 [restartedMain] INFO  l.n.NezukoApplication - [logStartupProfileInfo,651] - The following profiles are active: dev
07:17:39.380 [restartedMain] INFO  o.a.c.h.Http11NioProtocol - [log,173] - Initializing ProtocolHandler ["http-nio-8080"]
07:17:39.381 [restartedMain] INFO  o.a.c.c.StandardService - [log,173] - Starting service [Tomcat]
07:17:39.381 [restartedMain] INFO  o.a.c.c.StandardEngine - [log,173] - Starting Servlet engine: [Apache Tomcat/9.0.22]
07:17:39.431 [restartedMain] INFO  o.a.c.c.C.[.[.[/] - [log,173] - Initializing Spring embedded WebApplicationContext
07:17:39.667 [restartedMain] INFO  c.a.d.s.b.a.DruidDataSourceAutoConfigure - [dataSource,56] - Init DruidDataSource
07:17:39.698 [restartedMain] INFO  c.a.d.p.DruidDataSource - [init,1003] - {dataSource-3} inited
07:17:39.799 [restartedMain] INFO  o.a.c.h.Http11NioProtocol - [log,173] - Starting ProtocolHandler ["http-nio-8080"]
07:17:39.802 [restartedMain] INFO  l.n.NezukoApplication - [logStarted,59] - Started NezukoApplication in 1.066 seconds (JVM running for 401.647)
07:33:25.039 [Thread-37] INFO  c.a.d.p.DruidDataSource - [close,1948] - {dataSource-3} closing ...
07:33:25.060 [Thread-37] INFO  c.a.d.p.DruidDataSource - [close,2020] - {dataSource-3} closed
07:33:33.635 [restartedMain] INFO  l.n.NezukoApplication - [logStarting,50] - Starting NezukoApplication on lunaticf-Macbook with PID 6299 (/Users/lunaticf/Desktop/Java/nezuko/target/classes started by lunaticf in /Users/lunaticf/Desktop/Java/nezuko)
07:33:33.641 [restartedMain] INFO  l.n.NezukoApplication - [logStartupProfileInfo,651] - The following profiles are active: dev
07:33:35.331 [restartedMain] INFO  o.a.c.h.Http11NioProtocol - [log,173] - Initializing ProtocolHandler ["http-nio-8080"]
07:33:35.363 [restartedMain] INFO  o.a.c.c.StandardService - [log,173] - Starting service [Tomcat]
07:33:35.364 [restartedMain] INFO  o.a.c.c.StandardEngine - [log,173] - Starting Servlet engine: [Apache Tomcat/9.0.22]
07:33:35.429 [restartedMain] INFO  o.a.c.c.C.[.[.[/] - [log,173] - Initializing Spring embedded WebApplicationContext
07:33:35.765 [restartedMain] INFO  c.a.d.s.b.a.DruidDataSourceAutoConfigure - [dataSource,56] - Init DruidDataSource
07:33:35.966 [restartedMain] INFO  c.a.d.p.DruidDataSource - [init,1003] - {dataSource-1} inited
07:33:36.219 [restartedMain] INFO  o.a.c.h.Http11NioProtocol - [log,173] - Starting ProtocolHandler ["http-nio-8080"]
07:33:36.256 [restartedMain] INFO  l.n.NezukoApplication - [logStarted,59] - Started NezukoApplication in 3.416 seconds (JVM running for 4.524)
07:39:08.457 [http-nio-8080-exec-1] INFO  o.a.c.c.C.[.[.[/] - [log,173] - Initializing Spring DispatcherServlet 'dispatcherServlet'
07:39:08.493 [http-nio-8080-exec-1] INFO  l.n.c.HelloController - [hello,14] - hello
07:52:47.093 [Thread-16] INFO  c.a.d.p.DruidDataSource - [close,1948] - {dataSource-1} closing ...
07:52:47.105 [Thread-16] INFO  c.a.d.p.DruidDataSource - [close,2020] - {dataSource-1} closed
08:00:14.614 [restartedMain] INFO  l.n.NezukoApplication - [logStarting,50] - Starting NezukoApplication on lunaticf-Macbook with PID 23754 (/Users/lunaticf/Desktop/Java/nezuko/target/classes started by lunaticf in /Users/lunaticf/Desktop/Java/nezuko)
08:00:14.620 [restartedMain] INFO  l.n.NezukoApplication - [logStartupProfileInfo,651] - The following profiles are active: dev
08:00:18.208 [restartedMain] INFO  o.a.c.h.Http11NioProtocol - [log,173] - Initializing ProtocolHandler ["http-nio-8080"]
08:00:18.229 [restartedMain] INFO  o.a.c.c.StandardService - [log,173] - Starting service [Tomcat]
08:00:18.230 [restartedMain] INFO  o.a.c.c.StandardEngine - [log,173] - Starting Servlet engine: [Apache Tomcat/9.0.22]
08:00:18.393 [restartedMain] INFO  o.a.c.c.C.[.[.[/] - [log,173] - Initializing Spring embedded WebApplicationContext
08:00:19.144 [restartedMain] INFO  c.a.d.s.b.a.DruidDataSourceAutoConfigure - [dataSource,56] - Init DruidDataSource
08:00:19.498 [restartedMain] INFO  c.a.d.p.DruidDataSource - [init,1003] - {dataSource-1} inited
08:00:20.058 [restartedMain] INFO  o.a.c.h.Http11NioProtocol - [log,173] - Starting ProtocolHandler ["http-nio-8080"]
08:00:20.115 [restartedMain] INFO  l.n.NezukoApplication - [logStarted,59] - Started NezukoApplication in 6.181 seconds (JVM running for 7.653)
08:00:25.282 [http-nio-8080-exec-1] INFO  o.a.c.c.C.[.[.[/] - [log,173] - Initializing Spring DispatcherServlet 'dispatcherServlet'
08:00:25.349 [http-nio-8080-exec-1] INFO  l.n.c.HelloController - [hello,14] - hello
08:00:30.347 [http-nio-8080-exec-2] INFO  l.n.c.HelloController - [hello,14] - hello
08:06:21.655 [Thread-22] INFO  c.a.d.p.DruidDataSource - [close,1948] - {dataSource-1} closing ...
08:06:21.661 [Thread-22] INFO  c.a.d.p.DruidDataSource - [close,2020] - {dataSource-1} closed
08:18:04.508 [restartedMain] INFO  l.n.NezukoApplication - [logStarting,50] - Starting NezukoApplication on lunaticf-Macbook with PID 1511 (/Users/lunaticf/Desktop/Java/nezuko/target/classes started by lunaticf in /Users/lunaticf/Desktop/Java/nezuko)
08:18:04.526 [restartedMain] INFO  l.n.NezukoApplication - [logStartupProfileInfo,651] - The following profiles are active: dev
08:18:07.276 [restartedMain] INFO  o.a.c.h.Http11NioProtocol - [log,173] - Initializing ProtocolHandler ["http-nio-8080"]
08:18:07.291 [restartedMain] INFO  o.a.c.c.StandardService - [log,173] - Starting service [Tomcat]
08:18:07.291 [restartedMain] INFO  o.a.c.c.StandardEngine - [log,173] - Starting Servlet engine: [Apache Tomcat/9.0.22]
08:18:07.455 [restartedMain] INFO  o.a.c.c.C.[.[.[/] - [log,173] - Initializing Spring embedded WebApplicationContext
08:18:08.068 [restartedMain] INFO  c.a.d.s.b.a.DruidDataSourceAutoConfigure - [dataSource,56] - Init DruidDataSource
08:18:08.365 [restartedMain] INFO  c.a.d.p.DruidDataSource - [init,1003] - {dataSource-1} inited
08:18:08.868 [restartedMain] INFO  o.a.c.h.Http11NioProtocol - [log,173] - Starting ProtocolHandler ["http-nio-8080"]
08:18:08.925 [restartedMain] INFO  l.n.NezukoApplication - [logStarted,59] - Started NezukoApplication in 5.589 seconds (JVM running for 7.845)
08:18:29.845 [http-nio-8080-exec-2] INFO  o.a.c.c.C.[.[.[/] - [log,173] - Initializing Spring DispatcherServlet 'dispatcherServlet'
08:18:29.872 [http-nio-8080-exec-2] INFO  l.n.c.HelloController - [hello,14] - hello
08:19:02.424 [Thread-22] INFO  c.a.d.p.DruidDataSource - [close,1948] - {dataSource-1} closing ...
08:19:02.429 [Thread-22] INFO  c.a.d.p.DruidDataSource - [close,2020] - {dataSource-1} closed
